<?xml version="1.0" encoding="UTF-8"?>
<!-- Generated by org.testng.reporters.JUnitXMLReporter -->
<testsuite ignored="0" hostname="DESKTOP-PGIJ00E" failures="1" tests="1" name="Test" time="18.581" errors="0" timestamp="2023-08-31T11:38:42 MST">
  <testcase classname="testCases.TC_PriceComparison" name="priceComparisonTest" time="10.635">
    <failure type="java.lang.AssertionError" message="null">
      <![CDATA[java.lang.AssertionError: null
at testCases.TC_PriceComparison.priceComparisonTest(TC_PriceComparison.java:68)
at java.base/java.util.ArrayList.forEach(ArrayList.java:1511)
... Removed 33 stack frames]]>
    </failure>
  </testcase> <!-- priceComparisonTest -->
</testsuite> <!-- Test -->
